<?xml version="1.0" encoding="UTF-8"?>
<testng-results total="1" passed="1" failed="0" skipped="0">
  <reporter-output>
  </reporter-output>
  <suite started-at="2019-04-05T12:43:58Z" name="Default suite" finished-at="2019-04-05T12:44:54Z" duration-ms="56126">
    <groups>
      <group name="cucumber">
        <method signature="AbstractTestNGCucumberTests.feature(cucumber.api.testng.CucumberFeatureWrapper)[pri:0, instance:runner.TestNGRunner@4f67eb2a]" name="feature" class="cucumber.api.testng.AbstractTestNGCucumberTests"/>
      </group> <!-- cucumber -->
    </groups>
    <test started-at="2019-04-05T12:43:58Z" name="Default test" finished-at="2019-04-05T12:44:54Z" duration-ms="56126">
      <class name="runner.TestNGRunner">
        <test-method is-config="true" signature="setUpClass()[pri:0, instance:runner.TestNGRunner@4f67eb2a]" started-at="2019-04-05T18:13:58Z" name="setUpClass" finished-at="2019-04-05T18:13:58Z" duration-ms="223" status="PASS">
          <reporter-output>
          </reporter-output>
        </test-method> <!-- setUpClass -->
        <test-method signature="feature(cucumber.api.testng.CucumberFeatureWrapper)[pri:0, instance:runner.TestNGRunner@4f67eb2a]" started-at="2019-04-05T18:13:58Z" name="feature" description="Runs Cucumber Feature" data-provider="features" finished-at="2019-04-05T18:14:54Z" duration-ms="55454" status="PASS">
          <params>
            <param index="0">
              <value>
                <![CDATA[Login Functionality Feature]]>
              </value>
            </param>
          </params>
          <reporter-output>
          </reporter-output>
        </test-method> <!-- feature -->
        <test-method is-config="true" signature="tearDownClass()[pri:0, instance:runner.TestNGRunner@4f67eb2a]" started-at="2019-04-05T18:14:54Z" name="tearDownClass" finished-at="2019-04-05T18:14:54Z" duration-ms="368" status="PASS">
          <reporter-output>
          </reporter-output>
        </test-method> <!-- tearDownClass -->
      </class> <!-- runner.TestNGRunner -->
    </test> <!-- Default test -->
  </suite> <!-- Default suite -->
</testng-results>
