<?xml version="1.0" encoding="UTF-8"?>
<testng-results skipped="0" failed="0" total="1" passed="1">
  <reporter-output>
  </reporter-output>
  <suite name="RegressionSuite" duration-ms="17948" started-at="2019-04-17T06:24:19Z" finished-at="2019-04-17T06:24:37Z">
    <groups>
      <group name="cucumber">
        <method signature="AbstractTestNGCucumberTests.feature(cucumber.api.testng.CucumberFeatureWrapper)[pri:0, instance:runner.TestNGRunner@239963d8]" name="feature" class="cucumber.api.testng.AbstractTestNGCucumberTests"/>
      </group> <!-- cucumber -->
    </groups>
    <test name="RegistrationPageRegressionTests" duration-ms="17948" started-at="2019-04-17T06:24:19Z" finished-at="2019-04-17T06:24:37Z">
      <class name="runner.TestNGRunner">
        <test-method status="PASS" signature="setUpClass()[pri:0, instance:runner.TestNGRunner@239963d8]" name="setUpClass" is-config="true" duration-ms="209" started-at="2019-04-16T23:24:19Z" finished-at="2019-04-16T23:24:20Z">
          <reporter-output>
          </reporter-output>
        </test-method> <!-- setUpClass -->
        <test-method status="PASS" signature="feature(cucumber.api.testng.CucumberFeatureWrapper)[pri:0, instance:runner.TestNGRunner@239963d8]" name="feature" duration-ms="17369" started-at="2019-04-16T23:24:20Z" description="Runs Cucumber Feature" data-provider="features" finished-at="2019-04-16T23:24:37Z">
          <params>
            <param index="0">
              <value>
                <![CDATA[Login Functionality Feature]]>
              </value>
            </param>
          </params>
          <reporter-output>
          </reporter-output>
        </test-method> <!-- feature -->
        <test-method status="PASS" signature="tearDownClass()[pri:0, instance:runner.TestNGRunner@239963d8]" name="tearDownClass" is-config="true" duration-ms="289" started-at="2019-04-16T23:24:37Z" finished-at="2019-04-16T23:24:37Z">
          <reporter-output>
          </reporter-output>
        </test-method> <!-- tearDownClass -->
      </class> <!-- runner.TestNGRunner -->
    </test> <!-- RegistrationPageRegressionTests -->
  </suite> <!-- RegressionSuite -->
</testng-results>
